<?xml version="1.0" encoding="utf-8"?><testsuites name="pytest tests"><testsuite name="pytest" errors="0" failures="0" skipped="0" tests="11" time="2.818" timestamp="2026-02-18T02:32:06.322438+00:00" hostname="agent-env-826e241e-790d-43a6-921d-4ecbc75ed24d"><testcase classname="tests.test_tts_endpoints.TestTTSStatus" name="test_tts_status_returns_200" time="0.213" /><testcase classname="tests.test_tts_endpoints.TestTTSStatus" name="test_tts_status_has_enabled_field" time="0.150" /><testcase classname="tests.test_tts_endpoints.TestTTSStatus" name="test_tts_status_has_provider" time="0.109" /><testcase classname="tests.test_tts_endpoints.TestTTSStatus" name="test_tts_status_has_presets" time="0.154" /><testcase classname="tests.test_tts_endpoints.TestTTSGenerate" name="test_tts_generate_returns_proper_error" time="0.260" /><testcase classname="tests.test_tts_endpoints.TestTTSGenerate" name="test_tts_generate_returns_json_error" time="0.227" /><testcase classname="tests.test_tts_endpoints.TestTTSGenerate" name="test_tts_generate_with_all_presets" time="1.068" /><testcase classname="tests.test_tts_endpoints.TestVoicesEndpoints" name="test_get_available_voices" time="0.115" /><testcase classname="tests.test_tts_endpoints.TestVoicesEndpoints" name="test_voice_preset_structure" time="0.128" /><testcase classname="tests.test_tts_endpoints.TestVoicePhrasesEndpoint" name="test_get_voice_phrases" time="0.127" /><testcase classname="tests.test_tts_endpoints.TestHealthEndpoint" name="test_health_check" time="0.155" /></testsuite></testsuites>